{"level":"error","message":"proxy error, ","service":"identity-service","timestamp":"2025-12-30T07:58:03.072Z"}
{"level":"error","message":"proxy error, socket hang up","service":"identity-service","timestamp":"2025-12-30T14:07:34.802Z"}
{"level":"error","message":"proxy error, read ECONNRESET","service":"identity-service","timestamp":"2025-12-30T14:19:31.529Z"}
{"level":"error","message":"proxy error, socket hang up","service":"identity-service","timestamp":"2025-12-30T14:21:54.316Z"}
{"level":"error","message":"proxy error, socket hang up","service":"identity-service","timestamp":"2025-12-30T14:22:18.259Z"}
{"level":"error","message":"proxy error, socket hang up","service":"identity-service","timestamp":"2025-12-30T14:23:23.339Z"}
{"level":"error","message":"proxy error, socket hang up","service":"identity-service","timestamp":"2025-12-30T14:24:30.773Z"}
{"level":"error","message":"proxy error, read ECONNRESET","service":"identity-service","timestamp":"2025-12-30T14:27:32.786Z"}
{"level":"error","message":"proxy error, read ECONNRESET","service":"identity-service","timestamp":"2025-12-30T14:28:55.702Z"}
{"level":"error","message":"proxy error, read ECONNRESET","service":"identity-service","timestamp":"2025-12-30T14:38:10.295Z"}
{"level":"error","message":"proxy error, read ECONNRESET","service":"identity-service","timestamp":"2025-12-30T14:39:12.403Z"}
{"level":"error","message":"proxy error, read ECONNRESET","service":"identity-service","timestamp":"2025-12-30T14:40:42.903Z"}
{"level":"error","message":"proxy error, read ECONNRESET","service":"identity-service","timestamp":"2025-12-30T14:41:09.075Z"}
{"level":"error","message":"proxy error, read ECONNRESET","service":"identity-service","timestamp":"2025-12-30T14:41:36.465Z"}
{"level":"error","message":"proxy error, ","service":"Api-gateway","timestamp":"2025-12-31T18:03:36.301Z"}
{"level":"error","message":"proxy error, ","service":"Api-gateway","timestamp":"2025-12-31T18:19:22.518Z"}
{"level":"error","message":"proxy error, socket hang up","service":"Api-gateway","timestamp":"2025-12-31T18:23:28.559Z"}
{"level":"error","message":"proxy error, socket hang up","service":"Api-gateway","timestamp":"2025-12-31T18:25:17.091Z"}
{"level":"error","message":"proxy error, read ECONNRESET","service":"Api-gateway","timestamp":"2025-12-31T18:29:06.685Z"}
{"level":"error","message":"proxy error, read ECONNRESET","service":"Api-gateway","timestamp":"2025-12-31T18:37:17.805Z"}
{"level":"error","message":"proxy error, socket hang up","service":"Api-gateway","timestamp":"2025-12-31T18:38:50.436Z"}
{"level":"error","message":"proxy error, socket hang up","service":"Api-gateway","timestamp":"2025-12-31T18:39:03.393Z"}
{"level":"error","message":"proxy error, socket hang up","service":"Api-gateway","timestamp":"2025-12-31T18:40:30.395Z"}
{"level":"error","message":"proxy error, socket hang up","service":"Api-gateway","timestamp":"2025-12-31T19:01:02.538Z"}
{"level":"error","message":"proxy error, socket hang up","service":"Api-gateway","timestamp":"2026-01-01T12:47:49.138Z"}
{"level":"error","message":"proxy error, socket hang up","service":"Api-gateway","timestamp":"2026-01-01T12:49:13.621Z"}
{"level":"error","message":"proxy error, socket hang up","service":"Api-gateway","timestamp":"2026-01-01T12:50:30.998Z"}
{"level":"error","message":"proxy error, socket hang up","service":"Api-gateway","timestamp":"2026-01-01T12:54:11.428Z"}
{"level":"error","message":"proxy error, socket hang up","service":"Api-gateway","timestamp":"2026-01-02T03:22:23.498Z"}
{"level":"error","message":"proxy error, read ECONNRESET","service":"Api-gateway","timestamp":"2026-01-02T03:24:11.639Z"}
{"level":"error","message":"proxy error, read ECONNRESET","service":"Api-gateway","timestamp":"2026-01-02T03:24:57.635Z"}
{"level":"error","message":"proxy error, socket hang up","service":"Api-gateway","timestamp":"2026-01-02T03:26:11.477Z"}
{"level":"error","message":"proxy error, read ECONNRESET","service":"Api-gateway","timestamp":"2026-01-02T03:45:38.627Z"}
{"level":"error","message":"proxy error, read ECONNRESET","service":"Api-gateway","timestamp":"2026-01-02T03:46:51.293Z"}
{"level":"error","message":"proxy error, read ECONNRESET","service":"Api-gateway","timestamp":"2026-01-02T03:47:40.176Z"}
{"level":"error","message":"proxy error, read ECONNRESET","service":"Api-gateway","timestamp":"2026-01-02T12:30:08.906Z"}
{"level":"error","message":"proxy error, ","service":"Api-gateway","timestamp":"2026-01-02T12:30:16.257Z"}
{"level":"error","message":"proxy error, ","service":"Api-gateway","timestamp":"2026-01-02T12:30:24.036Z"}
{"level":"error","message":"proxy error, read ECONNRESET","service":"Api-gateway","timestamp":"2026-01-02T12:44:12.849Z"}
{"level":"error","message":"proxy error, read ECONNRESET","service":"Api-gateway","timestamp":"2026-01-02T12:45:36.615Z"}
{"level":"error","message":"proxy error, read ECONNRESET","service":"Api-gateway","timestamp":"2026-01-02T12:47:26.226Z"}
{"level":"error","message":"proxy error, read ECONNRESET","service":"Api-gateway","timestamp":"2026-01-02T13:00:07.466Z"}
{"level":"error","message":"proxy error, socket hang up","service":"Api-gateway","timestamp":"2026-01-02T13:01:30.841Z"}
{"level":"error","message":"proxy error, socket hang up","service":"Api-gateway","timestamp":"2026-01-02T13:05:01.355Z"}
{"level":"error","message":"proxy error, socket hang up","service":"Api-gateway","timestamp":"2026-01-02T13:09:35.249Z"}
{"level":"error","message":"proxy error, socket hang up","service":"Api-gateway","timestamp":"2026-01-02T13:11:41.688Z"}
{"level":"error","message":"proxy error, socket hang up","service":"Api-gateway","timestamp":"2026-01-02T13:12:34.762Z"}
{"level":"error","message":"proxy error, read ECONNRESET","service":"Api-gateway","timestamp":"2026-01-02T13:19:22.419Z"}
{"level":"error","message":"proxy error, socket hang up","service":"Api-gateway","timestamp":"2026-01-02T13:21:40.255Z"}
{"level":"error","message":"proxy error, Cannot convert undefined or null to object","service":"Api-gateway","timestamp":"2026-01-05T12:12:39.138Z"}
{"level":"error","message":"proxy error, Cannot convert undefined or null to object","service":"Api-gateway","timestamp":"2026-01-05T12:13:15.353Z"}
{"level":"error","message":"proxy error, Cannot convert undefined or null to object","service":"Api-gateway","timestamp":"2026-01-05T12:13:21.807Z"}
{"level":"error","message":"proxy error, Cannot convert undefined or null to object","service":"Api-gateway","timestamp":"2026-01-05T12:13:28.032Z"}
{"level":"error","message":"proxy error, Cannot convert undefined or null to object","service":"Api-gateway","timestamp":"2026-01-05T12:14:23.494Z"}
{"level":"error","message":"proxy error, Cannot convert undefined or null to object","service":"Api-gateway","timestamp":"2026-01-05T12:15:37.552Z"}
{"level":"error","message":"proxy error, Cannot convert undefined or null to object","service":"Api-gateway","timestamp":"2026-01-05T12:15:59.335Z"}
{"level":"error","message":"proxy error, Cannot convert undefined or null to object","service":"Api-gateway","timestamp":"2026-01-05T12:16:07.116Z"}
{"level":"error","message":"proxy error, Cannot convert undefined or null to object","service":"Api-gateway","timestamp":"2026-01-05T12:17:41.069Z"}
{"level":"error","message":"proxy error, Cannot convert undefined or null to object","service":"Api-gateway","timestamp":"2026-01-05T12:19:46.922Z"}
{"level":"error","message":"proxy error, Cannot convert undefined or null to object","service":"Api-gateway","timestamp":"2026-01-05T12:20:20.233Z"}
{"level":"error","message":"proxy error, Cannot convert undefined or null to object","service":"Api-gateway","timestamp":"2026-01-05T12:21:29.253Z"}
{"level":"error","message":"proxy error, Cannot convert undefined or null to object","service":"Api-gateway","timestamp":"2026-01-05T12:22:11.609Z"}
{"level":"error","message":"proxy error, Cannot convert undefined or null to object","service":"Api-gateway","timestamp":"2026-01-05T12:22:29.225Z"}
{"level":"error","message":"proxy error, Cannot convert undefined or null to object","service":"Api-gateway","timestamp":"2026-01-05T12:22:40.455Z"}
{"level":"error","message":"proxy error, Cannot convert undefined or null to object","service":"Api-gateway","timestamp":"2026-01-05T12:22:47.793Z"}
{"level":"error","message":"proxy error, Cannot convert undefined or null to object","service":"Api-gateway","timestamp":"2026-01-05T12:23:24.137Z"}
