{"level":"error","message":"MongoDb connection error The `uri` parameter to `openUri()` must be a string, got \"undefined\". Make sure the first parameter to `mongoose.connect()` or `mongoose.createConnection()` is a string.","service":"Post-service","stack":"MongooseError: The `uri` parameter to `openUri()` must be a string, got \"undefined\". Make sure the first parameter to `mongoose.connect()` or `mongoose.createConnection()` is a string.\n    at NativeConnection.createClient (D:\\Nodejs\\microservices\\search-service\\node_modules\\mongoose\\lib\\drivers\\node-mongodb-native\\connection.js:230:11)\n    at NativeConnection.openUri (D:\\Nodejs\\microservices\\search-service\\node_modules\\mongoose\\lib\\connection.js:1075:34)\n    at Mongoose.connect (D:\\Nodejs\\microservices\\search-service\\node_modules\\mongoose\\lib\\mongoose.js:451:15)\n    at file:///D:/Nodejs/microservices/search-service/src/mongoose-connection.js:6:34\n    at ModuleJob.run (node:internal/modules/esm/module_job:262:25)\n    at async ModuleLoader.import (node:internal/modules/esm/loader:474:24)\n    at async asyncRunEntryPointWithESMLoader (node:internal/modules/run_main:109:5)","timestamp":"2026-01-04T06:58:22.353Z"}
{"level":"info","message":"connected to rabbitMq","service":"Post-service","timestamp":"2026-01-04T06:58:22.399Z"}
{"level":"info","message":"subscribed to event : post.created","service":"Post-service","timestamp":"2026-01-04T06:58:22.453Z"}
{"level":"info","message":"subscribed to event : post.deleted","service":"Post-service","timestamp":"2026-01-04T06:58:22.473Z"}
{"level":"info","message":"Search server is running at post undefined","service":"Post-service","timestamp":"2026-01-04T06:58:22.478Z"}
{"level":"error","message":"MongoDb connection error The `uri` parameter to `openUri()` must be a string, got \"undefined\". Make sure the first parameter to `mongoose.connect()` or `mongoose.createConnection()` is a string.","service":"Post-service","stack":"MongooseError: The `uri` parameter to `openUri()` must be a string, got \"undefined\". Make sure the first parameter to `mongoose.connect()` or `mongoose.createConnection()` is a string.\n    at NativeConnection.createClient (D:\\Nodejs\\microservices\\search-service\\node_modules\\mongoose\\lib\\drivers\\node-mongodb-native\\connection.js:230:11)\n    at NativeConnection.openUri (D:\\Nodejs\\microservices\\search-service\\node_modules\\mongoose\\lib\\connection.js:1075:34)\n    at Mongoose.connect (D:\\Nodejs\\microservices\\search-service\\node_modules\\mongoose\\lib\\mongoose.js:451:15)\n    at file:///D:/Nodejs/microservices/search-service/src/mongoose-connection.js:6:34\n    at ModuleJob.run (node:internal/modules/esm/module_job:262:25)\n    at async ModuleLoader.import (node:internal/modules/esm/loader:474:24)\n    at async asyncRunEntryPointWithESMLoader (node:internal/modules/run_main:109:5)","timestamp":"2026-01-04T07:03:21.733Z"}
{"level":"error","message":"MongoDb connection error The `uri` parameter to `openUri()` must be a string, got \"undefined\". Make sure the first parameter to `mongoose.connect()` or `mongoose.createConnection()` is a string.","service":"Post-service","stack":"MongooseError: The `uri` parameter to `openUri()` must be a string, got \"undefined\". Make sure the first parameter to `mongoose.connect()` or `mongoose.createConnection()` is a string.\n    at NativeConnection.createClient (D:\\Nodejs\\microservices\\search-service\\node_modules\\mongoose\\lib\\drivers\\node-mongodb-native\\connection.js:230:11)\n    at NativeConnection.openUri (D:\\Nodejs\\microservices\\search-service\\node_modules\\mongoose\\lib\\connection.js:1075:34)\n    at Mongoose.connect (D:\\Nodejs\\microservices\\search-service\\node_modules\\mongoose\\lib\\mongoose.js:451:15)\n    at file:///D:/Nodejs/microservices/search-service/src/mongoose-connection.js:6:34\n    at ModuleJob.run (node:internal/modules/esm/module_job:262:25)\n    at async ModuleLoader.import (node:internal/modules/esm/loader:474:24)\n    at async asyncRunEntryPointWithESMLoader (node:internal/modules/run_main:109:5)","timestamp":"2026-01-04T07:03:22.841Z"}
{"level":"info","message":"connected to rabbitMq","service":"Post-service","timestamp":"2026-01-04T07:03:22.883Z"}
{"level":"info","message":"subscribed to event : post.created","service":"Post-service","timestamp":"2026-01-04T07:03:22.913Z"}
{"level":"info","message":"subscribed to event : post.deleted","service":"Post-service","timestamp":"2026-01-04T07:03:22.931Z"}
{"level":"info","message":"Search server is running at post undefined","service":"Post-service","timestamp":"2026-01-04T07:03:22.935Z"}
{"level":"error","message":"MongoDb connection error The `uri` parameter to `openUri()` must be a string, got \"undefined\". Make sure the first parameter to `mongoose.connect()` or `mongoose.createConnection()` is a string.","service":"Post-service","stack":"MongooseError: The `uri` parameter to `openUri()` must be a string, got \"undefined\". Make sure the first parameter to `mongoose.connect()` or `mongoose.createConnection()` is a string.\n    at NativeConnection.createClient (D:\\Nodejs\\microservices\\search-service\\node_modules\\mongoose\\lib\\drivers\\node-mongodb-native\\connection.js:230:11)\n    at NativeConnection.openUri (D:\\Nodejs\\microservices\\search-service\\node_modules\\mongoose\\lib\\connection.js:1075:34)\n    at Mongoose.connect (D:\\Nodejs\\microservices\\search-service\\node_modules\\mongoose\\lib\\mongoose.js:451:15)\n    at file:///D:/Nodejs/microservices/search-service/src/mongoose-connection.js:6:34\n    at ModuleJob.run (node:internal/modules/esm/module_job:262:25)\n    at async ModuleLoader.import (node:internal/modules/esm/loader:474:24)\n    at async asyncRunEntryPointWithESMLoader (node:internal/modules/run_main:109:5)","timestamp":"2026-01-04T07:04:31.148Z"}
{"level":"info","message":"connected to rabbitMq","service":"Post-service","timestamp":"2026-01-04T07:04:31.183Z"}
{"level":"info","message":"subscribed to event : post.created","service":"Post-service","timestamp":"2026-01-04T07:04:31.201Z"}
{"level":"info","message":"subscribed to event : post.deleted","service":"Post-service","timestamp":"2026-01-04T07:04:31.220Z"}
{"level":"info","message":"Search server is running at post ","service":"Post-service","timestamp":"2026-01-04T07:04:31.227Z"}
{"level":"error","message":"MongoDb connection error The `uri` parameter to `openUri()` must be a string, got \"undefined\". Make sure the first parameter to `mongoose.connect()` or `mongoose.createConnection()` is a string.","service":"Post-service","stack":"MongooseError: The `uri` parameter to `openUri()` must be a string, got \"undefined\". Make sure the first parameter to `mongoose.connect()` or `mongoose.createConnection()` is a string.\n    at NativeConnection.createClient (D:\\Nodejs\\microservices\\search-service\\node_modules\\mongoose\\lib\\drivers\\node-mongodb-native\\connection.js:230:11)\n    at NativeConnection.openUri (D:\\Nodejs\\microservices\\search-service\\node_modules\\mongoose\\lib\\connection.js:1075:34)\n    at Mongoose.connect (D:\\Nodejs\\microservices\\search-service\\node_modules\\mongoose\\lib\\mongoose.js:451:15)\n    at file:///D:/Nodejs/microservices/search-service/src/mongoose-connection.js:6:34\n    at ModuleJob.run (node:internal/modules/esm/module_job:262:25)\n    at async ModuleLoader.import (node:internal/modules/esm/loader:474:24)\n    at async asyncRunEntryPointWithESMLoader (node:internal/modules/run_main:109:5)","timestamp":"2026-01-04T07:04:43.483Z"}
{"level":"info","message":"connected to rabbitMq","service":"Post-service","timestamp":"2026-01-04T07:04:43.535Z"}
{"level":"info","message":"subscribed to event : post.created","service":"Post-service","timestamp":"2026-01-04T07:04:43.554Z"}
{"level":"info","message":"subscribed to event : post.deleted","service":"Post-service","timestamp":"2026-01-04T07:04:43.591Z"}
{"level":"error","message":"MongoDb connection error The `uri` parameter to `openUri()` must be a string, got \"undefined\". Make sure the first parameter to `mongoose.connect()` or `mongoose.createConnection()` is a string.","service":"Post-service","stack":"MongooseError: The `uri` parameter to `openUri()` must be a string, got \"undefined\". Make sure the first parameter to `mongoose.connect()` or `mongoose.createConnection()` is a string.\n    at NativeConnection.createClient (D:\\Nodejs\\microservices\\search-service\\node_modules\\mongoose\\lib\\drivers\\node-mongodb-native\\connection.js:230:11)\n    at NativeConnection.openUri (D:\\Nodejs\\microservices\\search-service\\node_modules\\mongoose\\lib\\connection.js:1075:34)\n    at Mongoose.connect (D:\\Nodejs\\microservices\\search-service\\node_modules\\mongoose\\lib\\mongoose.js:451:15)\n    at file:///D:/Nodejs/microservices/search-service/src/mongoose-connection.js:6:34\n    at ModuleJob.run (node:internal/modules/esm/module_job:262:25)\n    at async ModuleLoader.import (node:internal/modules/esm/loader:474:24)\n    at async asyncRunEntryPointWithESMLoader (node:internal/modules/run_main:109:5)","timestamp":"2026-01-04T07:04:44.625Z"}
{"level":"info","message":"connected to rabbitMq","service":"Post-service","timestamp":"2026-01-04T07:04:44.670Z"}
{"level":"info","message":"subscribed to event : post.created","service":"Post-service","timestamp":"2026-01-04T07:04:44.691Z"}
{"level":"info","message":"subscribed to event : post.deleted","service":"Post-service","timestamp":"2026-01-04T07:04:44.732Z"}
{"level":"info","message":"Search server is running at post undefined","service":"Post-service","timestamp":"2026-01-04T07:04:44.738Z"}
{"level":"error","message":"MongoDb connection error The `uri` parameter to `openUri()` must be a string, got \"undefined\". Make sure the first parameter to `mongoose.connect()` or `mongoose.createConnection()` is a string.","service":"Post-service","stack":"MongooseError: The `uri` parameter to `openUri()` must be a string, got \"undefined\". Make sure the first parameter to `mongoose.connect()` or `mongoose.createConnection()` is a string.\n    at NativeConnection.createClient (D:\\Nodejs\\microservices\\search-service\\node_modules\\mongoose\\lib\\drivers\\node-mongodb-native\\connection.js:230:11)\n    at NativeConnection.openUri (D:\\Nodejs\\microservices\\search-service\\node_modules\\mongoose\\lib\\connection.js:1075:34)\n    at Mongoose.connect (D:\\Nodejs\\microservices\\search-service\\node_modules\\mongoose\\lib\\mongoose.js:451:15)\n    at file:///D:/Nodejs/microservices/search-service/src/mongoose-connection.js:6:34\n    at ModuleJob.run (node:internal/modules/esm/module_job:262:25)\n    at async ModuleLoader.import (node:internal/modules/esm/loader:474:24)\n    at async asyncRunEntryPointWithESMLoader (node:internal/modules/run_main:109:5)","timestamp":"2026-01-04T07:05:00.898Z"}
{"level":"info","message":"connected to rabbitMq","service":"Post-service","timestamp":"2026-01-04T07:05:00.934Z"}
{"level":"info","message":"subscribed to event : post.created","service":"Post-service","timestamp":"2026-01-04T07:05:00.956Z"}
{"level":"info","message":"subscribed to event : post.deleted","service":"Post-service","timestamp":"2026-01-04T07:05:00.971Z"}
{"level":"error","message":"MongoDb connection error The `uri` parameter to `openUri()` must be a string, got \"undefined\". Make sure the first parameter to `mongoose.connect()` or `mongoose.createConnection()` is a string.","service":"Post-service","stack":"MongooseError: The `uri` parameter to `openUri()` must be a string, got \"undefined\". Make sure the first parameter to `mongoose.connect()` or `mongoose.createConnection()` is a string.\n    at NativeConnection.createClient (D:\\Nodejs\\microservices\\search-service\\node_modules\\mongoose\\lib\\drivers\\node-mongodb-native\\connection.js:230:11)\n    at NativeConnection.openUri (D:\\Nodejs\\microservices\\search-service\\node_modules\\mongoose\\lib\\connection.js:1075:34)\n    at Mongoose.connect (D:\\Nodejs\\microservices\\search-service\\node_modules\\mongoose\\lib\\mongoose.js:451:15)\n    at file:///D:/Nodejs/microservices/search-service/src/mongoose-connection.js:6:34\n    at ModuleJob.run (node:internal/modules/esm/module_job:262:25)\n    at async ModuleLoader.import (node:internal/modules/esm/loader:474:24)\n    at async asyncRunEntryPointWithESMLoader (node:internal/modules/run_main:109:5)","timestamp":"2026-01-04T07:05:07.068Z"}
{"level":"info","message":"connected to rabbitMq","service":"Post-service","timestamp":"2026-01-04T07:05:07.111Z"}
{"level":"info","message":"subscribed to event : post.created","service":"Post-service","timestamp":"2026-01-04T07:05:07.151Z"}
{"level":"info","message":"subscribed to event : post.deleted","service":"Post-service","timestamp":"2026-01-04T07:05:07.183Z"}
{"level":"info","message":"Search server is running at post undefined","service":"Post-service","timestamp":"2026-01-04T07:05:07.187Z"}
{"level":"error","message":"MongoDb connection error The `uri` parameter to `openUri()` must be a string, got \"undefined\". Make sure the first parameter to `mongoose.connect()` or `mongoose.createConnection()` is a string.","service":"Post-service","stack":"MongooseError: The `uri` parameter to `openUri()` must be a string, got \"undefined\". Make sure the first parameter to `mongoose.connect()` or `mongoose.createConnection()` is a string.\n    at NativeConnection.createClient (D:\\Nodejs\\microservices\\search-service\\node_modules\\mongoose\\lib\\drivers\\node-mongodb-native\\connection.js:230:11)\n    at NativeConnection.openUri (D:\\Nodejs\\microservices\\search-service\\node_modules\\mongoose\\lib\\connection.js:1075:34)\n    at Mongoose.connect (D:\\Nodejs\\microservices\\search-service\\node_modules\\mongoose\\lib\\mongoose.js:451:15)\n    at file:///D:/Nodejs/microservices/search-service/src/mongoose-connection.js:6:34\n    at ModuleJob.run (node:internal/modules/esm/module_job:262:25)\n    at async ModuleLoader.import (node:internal/modules/esm/loader:474:24)\n    at async asyncRunEntryPointWithESMLoader (node:internal/modules/run_main:109:5)","timestamp":"2026-01-04T07:05:18.515Z"}
{"level":"info","message":"connected to rabbitMq","service":"Post-service","timestamp":"2026-01-04T07:05:18.561Z"}
{"level":"info","message":"subscribed to event : post.created","service":"Post-service","timestamp":"2026-01-04T07:05:18.582Z"}
{"level":"info","message":"subscribed to event : post.deleted","service":"Post-service","timestamp":"2026-01-04T07:05:18.602Z"}
{"level":"error","message":"MongoDb connection error The `uri` parameter to `openUri()` must be a string, got \"undefined\". Make sure the first parameter to `mongoose.connect()` or `mongoose.createConnection()` is a string.","service":"Post-service","stack":"MongooseError: The `uri` parameter to `openUri()` must be a string, got \"undefined\". Make sure the first parameter to `mongoose.connect()` or `mongoose.createConnection()` is a string.\n    at NativeConnection.createClient (D:\\Nodejs\\microservices\\search-service\\node_modules\\mongoose\\lib\\drivers\\node-mongodb-native\\connection.js:230:11)\n    at NativeConnection.openUri (D:\\Nodejs\\microservices\\search-service\\node_modules\\mongoose\\lib\\connection.js:1075:34)\n    at Mongoose.connect (D:\\Nodejs\\microservices\\search-service\\node_modules\\mongoose\\lib\\mongoose.js:451:15)\n    at file:///D:/Nodejs/microservices/search-service/src/mongoose-connection.js:6:34\n    at ModuleJob.run (node:internal/modules/esm/module_job:262:25)\n    at async ModuleLoader.import (node:internal/modules/esm/loader:474:24)\n    at async asyncRunEntryPointWithESMLoader (node:internal/modules/run_main:109:5)","timestamp":"2026-01-04T07:05:24.188Z"}
{"level":"info","message":"connected to rabbitMq","service":"Post-service","timestamp":"2026-01-04T07:05:24.227Z"}
{"level":"info","message":"subscribed to event : post.created","service":"Post-service","timestamp":"2026-01-04T07:05:24.244Z"}
{"level":"info","message":"subscribed to event : post.deleted","service":"Post-service","timestamp":"2026-01-04T07:05:24.258Z"}
{"level":"info","message":"Search server is running at post undefined","service":"Post-service","timestamp":"2026-01-04T07:05:24.262Z"}
{"level":"error","message":"MongoDb connection error The `uri` parameter to `openUri()` must be a string, got \"undefined\". Make sure the first parameter to `mongoose.connect()` or `mongoose.createConnection()` is a string.","service":"Post-service","stack":"MongooseError: The `uri` parameter to `openUri()` must be a string, got \"undefined\". Make sure the first parameter to `mongoose.connect()` or `mongoose.createConnection()` is a string.\n    at NativeConnection.createClient (D:\\Nodejs\\microservices\\search-service\\node_modules\\mongoose\\lib\\drivers\\node-mongodb-native\\connection.js:230:11)\n    at NativeConnection.openUri (D:\\Nodejs\\microservices\\search-service\\node_modules\\mongoose\\lib\\connection.js:1075:34)\n    at Mongoose.connect (D:\\Nodejs\\microservices\\search-service\\node_modules\\mongoose\\lib\\mongoose.js:451:15)\n    at file:///D:/Nodejs/microservices/search-service/src/mongoose-connection.js:6:34\n    at ModuleJob.run (node:internal/modules/esm/module_job:262:25)\n    at async ModuleLoader.import (node:internal/modules/esm/loader:474:24)\n    at async asyncRunEntryPointWithESMLoader (node:internal/modules/run_main:109:5)","timestamp":"2026-01-04T07:08:23.990Z"}
{"level":"info","message":"connected to rabbitMq","service":"Post-service","timestamp":"2026-01-04T07:08:24.033Z"}
{"level":"info","message":"subscribed to event : post.created","service":"Post-service","timestamp":"2026-01-04T07:08:24.051Z"}
{"level":"info","message":"subscribed to event : post.deleted","service":"Post-service","timestamp":"2026-01-04T07:08:24.066Z"}
{"level":"info","message":"Search server is running at post undefined","service":"Post-service","timestamp":"2026-01-04T07:08:24.072Z"}
{"level":"error","message":"MongoDb connection error The `uri` parameter to `openUri()` must be a string, got \"undefined\". Make sure the first parameter to `mongoose.connect()` or `mongoose.createConnection()` is a string.","service":"Post-service","stack":"MongooseError: The `uri` parameter to `openUri()` must be a string, got \"undefined\". Make sure the first parameter to `mongoose.connect()` or `mongoose.createConnection()` is a string.\n    at NativeConnection.createClient (D:\\Nodejs\\microservices\\search-service\\node_modules\\mongoose\\lib\\drivers\\node-mongodb-native\\connection.js:230:11)\n    at NativeConnection.openUri (D:\\Nodejs\\microservices\\search-service\\node_modules\\mongoose\\lib\\connection.js:1075:34)\n    at Mongoose.connect (D:\\Nodejs\\microservices\\search-service\\node_modules\\mongoose\\lib\\mongoose.js:451:15)\n    at file:///D:/Nodejs/microservices/search-service/src/mongoose-connection.js:6:34\n    at ModuleJob.run (node:internal/modules/esm/module_job:262:25)\n    at async ModuleLoader.import (node:internal/modules/esm/loader:474:24)\n    at async asyncRunEntryPointWithESMLoader (node:internal/modules/run_main:109:5)","timestamp":"2026-01-04T07:12:28.810Z"}
{"level":"info","message":"connected to rabbitMq","service":"Post-service","timestamp":"2026-01-04T07:12:28.849Z"}
{"level":"info","message":"subscribed to event : post.created","service":"Post-service","timestamp":"2026-01-04T07:12:28.872Z"}
{"level":"info","message":"subscribed to event : post.deleted","service":"Post-service","timestamp":"2026-01-04T07:12:28.898Z"}
{"level":"info","message":"Search server is running at post undefined","service":"Post-service","timestamp":"2026-01-04T07:12:28.905Z"}
{"level":"error","message":"MongoDb connection error The `uri` parameter to `openUri()` must be a string, got \"undefined\". Make sure the first parameter to `mongoose.connect()` or `mongoose.createConnection()` is a string.","service":"Post-service","stack":"MongooseError: The `uri` parameter to `openUri()` must be a string, got \"undefined\". Make sure the first parameter to `mongoose.connect()` or `mongoose.createConnection()` is a string.\n    at NativeConnection.createClient (D:\\Nodejs\\microservices\\search-service\\node_modules\\mongoose\\lib\\drivers\\node-mongodb-native\\connection.js:230:11)\n    at NativeConnection.openUri (D:\\Nodejs\\microservices\\search-service\\node_modules\\mongoose\\lib\\connection.js:1075:34)\n    at Mongoose.connect (D:\\Nodejs\\microservices\\search-service\\node_modules\\mongoose\\lib\\mongoose.js:451:15)\n    at file:///D:/Nodejs/microservices/search-service/src/mongoose-connection.js:6:34\n    at ModuleJob.run (node:internal/modules/esm/module_job:262:25)\n    at async ModuleLoader.import (node:internal/modules/esm/loader:474:24)\n    at async asyncRunEntryPointWithESMLoader (node:internal/modules/run_main:109:5)","timestamp":"2026-01-04T07:12:31.288Z"}
{"level":"info","message":"connected to rabbitMq","service":"Post-service","timestamp":"2026-01-04T07:12:31.340Z"}
{"level":"info","message":"subscribed to event : post.created","service":"Post-service","timestamp":"2026-01-04T07:12:31.361Z"}
{"level":"info","message":"subscribed to event : post.deleted","service":"Post-service","timestamp":"2026-01-04T07:12:31.387Z"}
{"level":"info","message":"Search server is running at post undefined","service":"Post-service","timestamp":"2026-01-04T07:12:31.394Z"}
{"level":"info","message":"connected to mongoDb","service":"Post-service","timestamp":"2026-01-04T07:18:19.427Z"}
{"level":"info","message":"connected to rabbitMq","service":"Post-service","timestamp":"2026-01-04T07:18:19.438Z"}
{"level":"info","message":"subscribed to event : post.created","service":"Post-service","timestamp":"2026-01-04T07:18:19.465Z"}
{"level":"info","message":"subscribed to event : post.deleted","service":"Post-service","timestamp":"2026-01-04T07:18:19.492Z"}
{"level":"info","message":"Search server is running at post 3005","service":"Post-service","timestamp":"2026-01-04T07:18:19.498Z"}
{"level":"info","message":"Received GET method to url /api/search/post/?query=morning","service":"Post-service","timestamp":"2026-01-04T07:18:28.304Z"}
{"level":"info","message":"Request body, undefined","service":"Post-service","timestamp":"2026-01-04T07:18:28.306Z"}
{"level":"info","message":"searchPost endpoint hit...","service":"Post-service","timestamp":"2026-01-04T07:18:28.309Z"}
{"level":"info","message":"Received GET method to url /api/search/post/?query=hey","service":"Post-service","timestamp":"2026-01-04T07:18:44.791Z"}
{"level":"info","message":"Request body, undefined","service":"Post-service","timestamp":"2026-01-04T07:18:44.793Z"}
{"level":"info","message":"searchPost endpoint hit...","service":"Post-service","timestamp":"2026-01-04T07:18:44.795Z"}
{"level":"info","message":"Received GET method to url /api/search/post/?query=it%27s","service":"Post-service","timestamp":"2026-01-04T07:19:10.332Z"}
{"level":"info","message":"Request body, undefined","service":"Post-service","timestamp":"2026-01-04T07:19:10.333Z"}
{"level":"info","message":"searchPost endpoint hit...","service":"Post-service","timestamp":"2026-01-04T07:19:10.334Z"}
{"level":"info","message":"connected to mongoDb","service":"Post-service","timestamp":"2026-01-04T07:20:33.405Z"}
{"level":"info","message":"connected to rabbitMq","service":"Post-service","timestamp":"2026-01-04T07:20:33.414Z"}
{"level":"info","message":"subscribed to event : post.created","service":"Post-service","timestamp":"2026-01-04T07:20:33.443Z"}
{"level":"info","message":"subscribed to event : post.deleted","service":"Post-service","timestamp":"2026-01-04T07:20:33.460Z"}
{"level":"info","message":"Search server is running at post 3005","service":"Post-service","timestamp":"2026-01-04T07:20:35.181Z"}
{"level":"info","message":"connected to mongoDb","service":"Post-service","timestamp":"2026-01-04T07:20:35.229Z"}
{"level":"info","message":"connected to rabbitMq","service":"Post-service","timestamp":"2026-01-04T07:20:35.247Z"}
{"level":"info","message":"subscribed to event : post.created","service":"Post-service","timestamp":"2026-01-04T07:20:35.264Z"}
{"level":"info","message":"subscribed to event : post.deleted","service":"Post-service","timestamp":"2026-01-04T07:20:35.280Z"}
{"level":"info","message":"Search server is running at post 3005","service":"Post-service","timestamp":"2026-01-04T07:20:44.473Z"}
{"level":"info","message":"connected to mongoDb","service":"Post-service","timestamp":"2026-01-04T07:20:44.540Z"}
{"level":"info","message":"connected to rabbitMq","service":"Post-service","timestamp":"2026-01-04T07:20:44.547Z"}
{"level":"info","message":"subscribed to event : post.created","service":"Post-service","timestamp":"2026-01-04T07:20:44.574Z"}
{"level":"info","message":"subscribed to event : post.deleted","service":"Post-service","timestamp":"2026-01-04T07:20:44.596Z"}
{"level":"info","message":"Search server is running at post 3005","service":"Post-service","timestamp":"2026-01-04T07:20:49.906Z"}
{"level":"info","message":"connected to rabbitMq","service":"Post-service","timestamp":"2026-01-04T07:20:49.966Z"}
{"level":"info","message":"connected to mongoDb","service":"Post-service","timestamp":"2026-01-04T07:20:49.976Z"}
{"level":"info","message":"connected to rabbitMq","service":"Post-service","timestamp":"2026-01-04T07:20:49.982Z"}
{"level":"info","message":"subscribed to event : post.created","service":"Post-service","timestamp":"2026-01-04T07:20:50.007Z"}
{"level":"info","message":"subscribed to event : post.deleted","service":"Post-service","timestamp":"2026-01-04T07:20:50.026Z"}
{"level":"info","message":"Search server is running at post 3005","service":"Post-service","timestamp":"2026-01-04T07:20:53.150Z"}
{"level":"info","message":"connected to mongoDb","service":"Post-service","timestamp":"2026-01-04T07:20:53.203Z"}
{"level":"info","message":"connected to rabbitMq","service":"Post-service","timestamp":"2026-01-04T07:20:53.210Z"}
{"level":"info","message":"connected to rabbitMq","service":"Post-service","timestamp":"2026-01-04T07:20:53.216Z"}
{"level":"info","message":"subscribed to event : post.created","service":"Post-service","timestamp":"2026-01-04T07:20:53.239Z"}
{"level":"info","message":"subscribed to event : post.deleted","service":"Post-service","timestamp":"2026-01-04T07:20:53.263Z"}
{"level":"info","message":"Search server is running at post 3005","service":"Post-service","timestamp":"2026-01-04T07:21:09.083Z"}
{"level":"info","message":"connected to mongoDb","service":"Post-service","timestamp":"2026-01-04T07:21:09.140Z"}
{"level":"info","message":"connected to rabbitMq","service":"Post-service","timestamp":"2026-01-04T07:21:09.145Z"}
{"level":"info","message":"connected to rabbitMq","service":"Post-service","timestamp":"2026-01-04T07:21:09.146Z"}
{"level":"info","message":"subscribed to event : post.created","service":"Post-service","timestamp":"2026-01-04T07:21:09.182Z"}
{"level":"info","message":"subscribed to event : post.deleted","service":"Post-service","timestamp":"2026-01-04T07:21:09.216Z"}
{"level":"info","message":"Search server is running at post 3005","service":"Post-service","timestamp":"2026-01-04T07:21:12.397Z"}
{"level":"info","message":"connected to mongoDb","service":"Post-service","timestamp":"2026-01-04T07:21:12.464Z"}
{"level":"info","message":"connected to rabbitMq","service":"Post-service","timestamp":"2026-01-04T07:21:12.481Z"}
{"level":"info","message":"connected to rabbitMq","service":"Post-service","timestamp":"2026-01-04T07:21:12.483Z"}
{"level":"info","message":"subscribed to event : post.created","service":"Post-service","timestamp":"2026-01-04T07:21:12.510Z"}
{"level":"info","message":"subscribed to event : post.deleted","service":"Post-service","timestamp":"2026-01-04T07:21:12.526Z"}
{"level":"info","message":"Search server is running at post 3005","service":"Post-service","timestamp":"2026-01-04T07:21:15.900Z"}
{"level":"info","message":"connected to mongoDb","service":"Post-service","timestamp":"2026-01-04T07:21:15.958Z"}
{"level":"info","message":"connected to rabbitMq","service":"Post-service","timestamp":"2026-01-04T07:21:15.964Z"}
{"level":"info","message":"connected to rabbitMq","service":"Post-service","timestamp":"2026-01-04T07:21:15.966Z"}
{"level":"info","message":"connected to rabbitMq","service":"Post-service","timestamp":"2026-01-04T07:21:15.984Z"}
{"level":"info","message":"subscribed to event : post.created","service":"Post-service","timestamp":"2026-01-04T07:21:16.032Z"}
{"level":"info","message":"subscribed to event : post.deleted","service":"Post-service","timestamp":"2026-01-04T07:21:16.040Z"}
{"level":"info","message":"Search server is running at post 3005","service":"Post-service","timestamp":"2026-01-04T07:21:18.715Z"}
{"level":"info","message":"connected to mongoDb","service":"Post-service","timestamp":"2026-01-04T07:21:18.806Z"}
{"level":"info","message":"connected to rabbitMq","service":"Post-service","timestamp":"2026-01-04T07:21:18.816Z"}
{"level":"info","message":"connected to rabbitMq","service":"Post-service","timestamp":"2026-01-04T07:21:18.824Z"}
{"level":"info","message":"connected to rabbitMq","service":"Post-service","timestamp":"2026-01-04T07:21:18.826Z"}
{"level":"info","message":"subscribed to event : post.created","service":"Post-service","timestamp":"2026-01-04T07:21:18.856Z"}
{"level":"info","message":"subscribed to event : post.deleted","service":"Post-service","timestamp":"2026-01-04T07:21:18.864Z"}
{"level":"info","message":"Search server is running at post 3005","service":"Post-service","timestamp":"2026-01-04T07:21:21.998Z"}
{"level":"info","message":"connected to mongoDb","service":"Post-service","timestamp":"2026-01-04T07:21:22.066Z"}
{"level":"info","message":"connected to rabbitMq","service":"Post-service","timestamp":"2026-01-04T07:21:22.077Z"}
{"level":"info","message":"Search server is running at post 3005","service":"Post-service","timestamp":"2026-01-04T07:21:25.346Z"}
{"level":"info","message":"connected to mongoDb","service":"Post-service","timestamp":"2026-01-04T07:21:25.407Z"}
{"level":"info","message":"connected to rabbitMq","service":"Post-service","timestamp":"2026-01-04T07:21:25.412Z"}
{"level":"info","message":"subscribed to event : post.created","service":"Post-service","timestamp":"2026-01-04T07:21:25.448Z"}
{"level":"info","message":"subscribed to event : post.deleted","service":"Post-service","timestamp":"2026-01-04T07:21:25.457Z"}
{"level":"info","message":"Search server is running at post 3005","service":"Post-service","timestamp":"2026-01-04T07:21:30.066Z"}
{"level":"info","message":"connected to mongoDb","service":"Post-service","timestamp":"2026-01-04T07:21:30.112Z"}
{"level":"info","message":"connected to rabbitMq","service":"Post-service","timestamp":"2026-01-04T07:21:30.119Z"}
{"level":"info","message":"subscribed to event : post.created","service":"Post-service","timestamp":"2026-01-04T07:21:30.147Z"}
{"level":"info","message":"subscribed to event : post.deleted","service":"Post-service","timestamp":"2026-01-04T07:21:30.151Z"}
{"level":"info","message":"Search server is running at post 3005","service":"Post-service","timestamp":"2026-01-04T07:21:31.671Z"}
{"level":"info","message":"connected to mongoDb","service":"Post-service","timestamp":"2026-01-04T07:21:31.720Z"}
{"level":"info","message":"connected to rabbitMq","service":"Post-service","timestamp":"2026-01-04T07:21:31.725Z"}
{"level":"info","message":"subscribed to event : post.created","service":"Post-service","timestamp":"2026-01-04T07:21:31.759Z"}
{"level":"info","message":"subscribed to event : post.deleted","service":"Post-service","timestamp":"2026-01-04T07:21:31.763Z"}
{"level":"info","message":"Search server is running at post 3005","service":"Post-service","timestamp":"2026-01-04T07:21:40.303Z"}
{"level":"info","message":"connected to mongoDb","service":"Post-service","timestamp":"2026-01-04T07:21:40.361Z"}
{"level":"info","message":"connected to rabbitMq","service":"Post-service","timestamp":"2026-01-04T07:21:40.372Z"}
{"level":"info","message":"Search server is running at post 3005","service":"Post-service","timestamp":"2026-01-04T07:21:43.033Z"}
{"level":"info","message":"connected to mongoDb","service":"Post-service","timestamp":"2026-01-04T07:21:43.088Z"}
{"level":"info","message":"connected to rabbitMq","service":"Post-service","timestamp":"2026-01-04T07:21:43.100Z"}
{"level":"info","message":"subscribed to event : post.created","service":"Post-service","timestamp":"2026-01-04T07:21:43.138Z"}
{"level":"info","message":"subscribed to event : post.deleted","service":"Post-service","timestamp":"2026-01-04T07:21:43.143Z"}
{"level":"info","message":"Search server is running at post 3005","service":"Post-service","timestamp":"2026-01-04T07:21:48.136Z"}
{"level":"info","message":"connected to mongoDb","service":"Post-service","timestamp":"2026-01-04T07:21:48.193Z"}
{"level":"info","message":"connected to rabbitMq","service":"Post-service","timestamp":"2026-01-04T07:21:48.198Z"}
{"level":"info","message":"subscribed to event : post.created","service":"Post-service","timestamp":"2026-01-04T07:21:48.233Z"}
{"level":"info","message":"subscribed to event : post.deleted","service":"Post-service","timestamp":"2026-01-04T07:21:48.242Z"}
{"level":"info","message":"Search server is running at post 3005","service":"Post-service","timestamp":"2026-01-04T07:21:49.490Z"}
{"level":"info","message":"connected to mongoDb","service":"Post-service","timestamp":"2026-01-04T07:21:49.548Z"}
{"level":"info","message":"connected to rabbitMq","service":"Post-service","timestamp":"2026-01-04T07:21:49.557Z"}
{"level":"info","message":"subscribed to event : post.created","service":"Post-service","timestamp":"2026-01-04T07:21:49.593Z"}
{"level":"info","message":"subscribed to event : post.deleted","service":"Post-service","timestamp":"2026-01-04T07:21:49.600Z"}
{"level":"info","message":"Received GET method to url /api/search/post/?query=it%27s","service":"Post-service","timestamp":"2026-01-04T07:21:58.144Z"}
{"level":"info","message":"Request body, undefined","service":"Post-service","timestamp":"2026-01-04T07:21:58.146Z"}
{"level":"info","message":"searchPost endpoint hit...","service":"Post-service","timestamp":"2026-01-04T07:21:58.148Z"}
{"level":"info","message":"Received GET method to url /api/search/post/?query=Happy","service":"Post-service","timestamp":"2026-01-04T07:28:45.197Z"}
{"level":"info","message":"Request body, undefined","service":"Post-service","timestamp":"2026-01-04T07:28:45.199Z"}
{"level":"info","message":"searchPost endpoint hit...","service":"Post-service","timestamp":"2026-01-04T07:28:45.202Z"}
{"level":"info","message":"Received GET method to url /api/search/post/?query=%22Happy%22","service":"Post-service","timestamp":"2026-01-04T07:29:23.516Z"}
{"level":"info","message":"Request body, undefined","service":"Post-service","timestamp":"2026-01-04T07:29:23.516Z"}
{"level":"info","message":"searchPost endpoint hit...","service":"Post-service","timestamp":"2026-01-04T07:29:23.517Z"}
{"0":"E","1":"r","10":"l","11":"i","12":"n","13":"g","14":" ","15":"p","16":"o","17":"s","18":"t","19":" ","2":"r","20":"c","21":"r","22":"e","23":"a","24":"t","25":"i","26":"o","27":"n","28":" ","29":"e","3":"o","30":"v","31":"e","32":"n","33":"t","4":"r","5":" ","6":"h","7":"a","8":"n","9":"d","_message":"Search validation failed","errors":{"postId":{"kind":"required","message":"Path `postId` is required.","name":"ValidatorError","path":"postId","properties":{"message":"Path `postId` is required.","path":"postId","type":"required"}}},"level":"error","message":"Search validation failed: postId: Path `postId` is required.","service":"Post-service","stack":"ValidationError: Search validation failed: postId: Path `postId` is required.\n    at Document.invalidate (D:\\Nodejs\\microservices\\search-service\\node_modules\\mongoose\\lib\\document.js:3379:32)\n    at validatePath (D:\\Nodejs\\microservices\\search-service\\node_modules\\mongoose\\lib\\document.js:3154:13)\n    at process.processTicksAndRejections (node:internal/process/task_queues:95:5)\n    at async Promise.all (index 0)\n    at async model.$__validate (D:\\Nodejs\\microservices\\search-service\\node_modules\\mongoose\\lib\\document.js:3095:3)\n    at async model.validate (D:\\Nodejs\\microservices\\search-service\\node_modules\\mongoose\\lib\\document.js:2672:5)\n    at async model.validateBeforeSave (D:\\Nodejs\\microservices\\search-service\\node_modules\\mongoose\\lib\\plugins\\validateBeforeSave.js:34:7)\n    at async Kareem.execPre (D:\\Nodejs\\microservices\\search-service\\node_modules\\kareem\\index.js:65:24)\n    at async model.$__save (D:\\Nodejs\\microservices\\search-service\\node_modules\\mongoose\\lib\\model.js:369:5)\n    at async model.save (D:\\Nodejs\\microservices\\search-service\\node_modules\\mongoose\\lib\\model.js:609:5)","timestamp":"2026-01-04T07:31:32.480Z"}
{"level":"info","message":"Received GET method to url /api/search/post/?query=Happy","service":"Post-service","timestamp":"2026-01-04T07:31:41.739Z"}
{"level":"info","message":"Request body, undefined","service":"Post-service","timestamp":"2026-01-04T07:31:41.740Z"}
{"level":"info","message":"searchPost endpoint hit...","service":"Post-service","timestamp":"2026-01-04T07:31:41.742Z"}
{"0":"E","1":"r","10":"l","11":"i","12":"n","13":"g","14":" ","15":"p","16":"o","17":"s","18":"t","19":" ","2":"r","20":"c","21":"r","22":"e","23":"a","24":"t","25":"i","26":"o","27":"n","28":" ","29":"e","3":"o","30":"v","31":"e","32":"n","33":"t","4":"r","5":" ","6":"h","7":"a","8":"n","9":"d","_message":"Search validation failed","errors":{"postId":{"kind":"required","message":"Path `postId` is required.","name":"ValidatorError","path":"postId","properties":{"message":"Path `postId` is required.","path":"postId","type":"required"}}},"level":"error","message":"Search validation failed: postId: Path `postId` is required.","service":"Post-service","stack":"ValidationError: Search validation failed: postId: Path `postId` is required.\n    at Document.invalidate (D:\\Nodejs\\microservices\\search-service\\node_modules\\mongoose\\lib\\document.js:3379:32)\n    at validatePath (D:\\Nodejs\\microservices\\search-service\\node_modules\\mongoose\\lib\\document.js:3154:13)\n    at process.processTicksAndRejections (node:internal/process/task_queues:95:5)\n    at async Promise.all (index 0)\n    at async model.$__validate (D:\\Nodejs\\microservices\\search-service\\node_modules\\mongoose\\lib\\document.js:3095:3)\n    at async model.validate (D:\\Nodejs\\microservices\\search-service\\node_modules\\mongoose\\lib\\document.js:2672:5)\n    at async model.validateBeforeSave (D:\\Nodejs\\microservices\\search-service\\node_modules\\mongoose\\lib\\plugins\\validateBeforeSave.js:34:7)\n    at async Kareem.execPre (D:\\Nodejs\\microservices\\search-service\\node_modules\\kareem\\index.js:65:24)\n    at async model.$__save (D:\\Nodejs\\microservices\\search-service\\node_modules\\mongoose\\lib\\model.js:369:5)\n    at async model.save (D:\\Nodejs\\microservices\\search-service\\node_modules\\mongoose\\lib\\model.js:609:5)","timestamp":"2026-01-04T07:35:07.533Z"}
{"0":"E","1":"r","10":"l","11":"i","12":"n","13":"g","14":" ","15":"p","16":"o","17":"s","18":"t","19":" ","2":"r","20":"c","21":"r","22":"e","23":"a","24":"t","25":"i","26":"o","27":"n","28":" ","29":"e","3":"o","30":"v","31":"e","32":"n","33":"t","4":"r","5":" ","6":"h","7":"a","8":"n","9":"d","_message":"Search validation failed","errors":{"postId":{"kind":"required","message":"Path `postId` is required.","name":"ValidatorError","path":"postId","properties":{"message":"Path `postId` is required.","path":"postId","type":"required"}}},"level":"error","message":"Search validation failed: postId: Path `postId` is required.","service":"Post-service","stack":"ValidationError: Search validation failed: postId: Path `postId` is required.\n    at Document.invalidate (D:\\Nodejs\\microservices\\search-service\\node_modules\\mongoose\\lib\\document.js:3379:32)\n    at validatePath (D:\\Nodejs\\microservices\\search-service\\node_modules\\mongoose\\lib\\document.js:3154:13)\n    at process.processTicksAndRejections (node:internal/process/task_queues:95:5)\n    at async Promise.all (index 0)\n    at async model.$__validate (D:\\Nodejs\\microservices\\search-service\\node_modules\\mongoose\\lib\\document.js:3095:3)\n    at async model.validate (D:\\Nodejs\\microservices\\search-service\\node_modules\\mongoose\\lib\\document.js:2672:5)\n    at async model.validateBeforeSave (D:\\Nodejs\\microservices\\search-service\\node_modules\\mongoose\\lib\\plugins\\validateBeforeSave.js:34:7)\n    at async Kareem.execPre (D:\\Nodejs\\microservices\\search-service\\node_modules\\kareem\\index.js:65:24)\n    at async model.$__save (D:\\Nodejs\\microservices\\search-service\\node_modules\\mongoose\\lib\\model.js:369:5)\n    at async model.save (D:\\Nodejs\\microservices\\search-service\\node_modules\\mongoose\\lib\\model.js:609:5)","timestamp":"2026-01-04T07:38:01.882Z"}
{"level":"info","message":"Search server is running at post 3005","service":"Post-service","timestamp":"2026-01-04T07:40:15.929Z"}
{"level":"info","message":"connected to mongoDb","service":"Post-service","timestamp":"2026-01-04T07:40:15.987Z"}
{"level":"info","message":"connected to rabbitMq","service":"Post-service","timestamp":"2026-01-04T07:40:15.994Z"}
{"level":"info","message":"subscribed to event : post.created","service":"Post-service","timestamp":"2026-01-04T07:40:16.034Z"}
{"level":"info","message":"subscribed to event : post.deleted","service":"Post-service","timestamp":"2026-01-04T07:40:16.045Z"}
{"0":"E","1":"r","10":"l","11":"i","12":"n","13":"g","14":" ","15":"p","16":"o","17":"s","18":"t","19":" ","2":"r","20":"c","21":"r","22":"e","23":"a","24":"t","25":"i","26":"o","27":"n","28":" ","29":"e","3":"o","30":"v","31":"e","32":"n","33":"t","4":"r","5":" ","6":"h","7":"a","8":"n","9":"d","_message":"Search validation failed","errors":{"postId":{"kind":"required","message":"Path `postId` is required.","name":"ValidatorError","path":"postId","properties":{"message":"Path `postId` is required.","path":"postId","type":"required"}}},"level":"error","message":"Search validation failed: postId: Path `postId` is required.","service":"Post-service","stack":"ValidationError: Search validation failed: postId: Path `postId` is required.\n    at Document.invalidate (D:\\Nodejs\\microservices\\search-service\\node_modules\\mongoose\\lib\\document.js:3379:32)\n    at validatePath (D:\\Nodejs\\microservices\\search-service\\node_modules\\mongoose\\lib\\document.js:3154:13)\n    at process.processTicksAndRejections (node:internal/process/task_queues:95:5)\n    at async Promise.all (index 0)\n    at async model.$__validate (D:\\Nodejs\\microservices\\search-service\\node_modules\\mongoose\\lib\\document.js:3095:3)\n    at async model.validate (D:\\Nodejs\\microservices\\search-service\\node_modules\\mongoose\\lib\\document.js:2672:5)\n    at async model.validateBeforeSave (D:\\Nodejs\\microservices\\search-service\\node_modules\\mongoose\\lib\\plugins\\validateBeforeSave.js:34:7)\n    at async Kareem.execPre (D:\\Nodejs\\microservices\\search-service\\node_modules\\kareem\\index.js:65:24)\n    at async model.$__save (D:\\Nodejs\\microservices\\search-service\\node_modules\\mongoose\\lib\\model.js:369:5)\n    at async model.save (D:\\Nodejs\\microservices\\search-service\\node_modules\\mongoose\\lib\\model.js:609:5)","timestamp":"2026-01-04T07:40:34.754Z"}
{"level":"info","message":"Search server is running at post 3005","service":"Post-service","timestamp":"2026-01-04T07:45:10.579Z"}
{"level":"info","message":"connected to mongoDb","service":"Post-service","timestamp":"2026-01-04T07:45:10.643Z"}
{"level":"info","message":"connected to rabbitMq","service":"Post-service","timestamp":"2026-01-04T07:45:10.650Z"}
{"level":"info","message":"subscribed to event : post.created","service":"Post-service","timestamp":"2026-01-04T07:45:10.687Z"}
{"level":"info","message":"subscribed to event : post.deleted","service":"Post-service","timestamp":"2026-01-04T07:45:10.696Z"}
{"level":"info","message":"Search server is running at post 3005","service":"Post-service","timestamp":"2026-01-04T07:45:29.844Z"}
{"level":"info","message":"connected to mongoDb","service":"Post-service","timestamp":"2026-01-04T07:45:29.916Z"}
{"level":"info","message":"connected to rabbitMq","service":"Post-service","timestamp":"2026-01-04T07:45:29.927Z"}
{"level":"info","message":"subscribed to event : post.created","service":"Post-service","timestamp":"2026-01-04T07:45:29.994Z"}
{"level":"info","message":"subscribed to event : post.deleted","service":"Post-service","timestamp":"2026-01-04T07:45:30.002Z"}
{"level":"info","message":"Search server is running at post 3005","service":"Post-service","timestamp":"2026-01-04T07:45:32.670Z"}
{"level":"info","message":"connected to mongoDb","service":"Post-service","timestamp":"2026-01-04T07:45:32.745Z"}
{"level":"info","message":"connected to rabbitMq","service":"Post-service","timestamp":"2026-01-04T07:45:32.755Z"}
{"level":"info","message":"subscribed to event : post.created","service":"Post-service","timestamp":"2026-01-04T07:45:32.810Z"}
{"level":"info","message":"subscribed to event : post.deleted","service":"Post-service","timestamp":"2026-01-04T07:45:32.817Z"}
{"level":"info","message":"search post of 695a1aaffc2aeb82610d7746 created : 695a1aaf303ee5f5faeab85c ","service":"Post-service","timestamp":"2026-01-04T07:45:51.193Z"}
{"level":"info","message":"search post of 695a1acffc2aeb82610d7749 created : 695a1acf303ee5f5faeab85e ","service":"Post-service","timestamp":"2026-01-04T07:46:23.159Z"}
{"level":"info","message":"search post of 695a1ad9fc2aeb82610d774c created : 695a1ad9303ee5f5faeab860 ","service":"Post-service","timestamp":"2026-01-04T07:46:33.953Z"}
{"level":"info","message":"search post of 695a1ae1fc2aeb82610d774f created : 695a1ae1303ee5f5faeab862 ","service":"Post-service","timestamp":"2026-01-04T07:46:41.941Z"}
{"level":"info","message":"Received GET method to url /api/search/post/?query=Happy","service":"Post-service","timestamp":"2026-01-04T07:46:46.974Z"}
{"level":"info","message":"Request body, undefined","service":"Post-service","timestamp":"2026-01-04T07:46:46.976Z"}
{"level":"info","message":"searchPost endpoint hit...","service":"Post-service","timestamp":"2026-01-04T07:46:46.979Z"}
{"level":"info","message":"Received GET method to url /api/search/post/?query=happy","service":"Post-service","timestamp":"2026-01-04T07:46:57.627Z"}
{"level":"info","message":"Request body, undefined","service":"Post-service","timestamp":"2026-01-04T07:46:57.629Z"}
{"level":"info","message":"searchPost endpoint hit...","service":"Post-service","timestamp":"2026-01-04T07:46:57.630Z"}
{"level":"info","message":"Received GET method to url /api/search/post/?query=%22i%22","service":"Post-service","timestamp":"2026-01-04T07:47:05.450Z"}
{"level":"info","message":"Request body, undefined","service":"Post-service","timestamp":"2026-01-04T07:47:05.451Z"}
{"level":"info","message":"searchPost endpoint hit...","service":"Post-service","timestamp":"2026-01-04T07:47:05.453Z"}
{"level":"info","message":"Received GET method to url /api/search/post/?query=i","service":"Post-service","timestamp":"2026-01-04T07:47:11.463Z"}
{"level":"info","message":"Request body, undefined","service":"Post-service","timestamp":"2026-01-04T07:47:11.464Z"}
{"level":"info","message":"searchPost endpoint hit...","service":"Post-service","timestamp":"2026-01-04T07:47:11.465Z"}
{"level":"info","message":"Received GET method to url /api/search/post/?query=i%20am","service":"Post-service","timestamp":"2026-01-04T07:47:18.629Z"}
{"level":"info","message":"Request body, undefined","service":"Post-service","timestamp":"2026-01-04T07:47:18.630Z"}
{"level":"info","message":"searchPost endpoint hit...","service":"Post-service","timestamp":"2026-01-04T07:47:18.631Z"}
{"level":"info","message":"Received GET method to url /api/search/post/?query=i%20am%20dog","service":"Post-service","timestamp":"2026-01-04T07:47:27.631Z"}
{"level":"info","message":"Request body, undefined","service":"Post-service","timestamp":"2026-01-04T07:47:27.633Z"}
{"level":"info","message":"searchPost endpoint hit...","service":"Post-service","timestamp":"2026-01-04T07:47:27.633Z"}
{"level":"info","message":"Received GET method to url /api/search/post/?query=needed","service":"Post-service","timestamp":"2026-01-04T07:47:41.376Z"}
{"level":"info","message":"Request body, undefined","service":"Post-service","timestamp":"2026-01-04T07:47:41.377Z"}
{"level":"info","message":"searchPost endpoint hit...","service":"Post-service","timestamp":"2026-01-04T07:47:41.378Z"}
{"level":"info","message":"Received GET method to url /api/search/post/?query=need","service":"Post-service","timestamp":"2026-01-04T07:47:45.425Z"}
{"level":"info","message":"Request body, undefined","service":"Post-service","timestamp":"2026-01-04T07:47:45.426Z"}
{"level":"info","message":"searchPost endpoint hit...","service":"Post-service","timestamp":"2026-01-04T07:47:45.427Z"}
{"level":"info","message":"Received GET method to url /api/search/post/?query=help","service":"Post-service","timestamp":"2026-01-04T07:47:50.694Z"}
{"level":"info","message":"Request body, undefined","service":"Post-service","timestamp":"2026-01-04T07:47:50.695Z"}
{"level":"info","message":"searchPost endpoint hit...","service":"Post-service","timestamp":"2026-01-04T07:47:50.696Z"}
{"level":"info","message":"Search server is running at post 3004","service":"Post-service","timestamp":"2026-01-05T12:10:54.668Z"}
{"level":"info","message":"connected to mongoDb","service":"Post-service","timestamp":"2026-01-05T12:10:54.719Z"}
{"level":"info","message":"connected to rabbitMq","service":"Post-service","timestamp":"2026-01-05T12:10:54.733Z"}
{"level":"info","message":"subscribed to event : post.created","service":"Post-service","timestamp":"2026-01-05T12:10:54.776Z"}
{"level":"info","message":"subscribed to event : post.deleted","service":"Post-service","timestamp":"2026-01-05T12:10:54.783Z"}
{"level":"info","message":"Received GET method to url /api/search/post/?query=happy","service":"Post-service","timestamp":"2026-01-05T12:18:50.223Z"}
{"level":"info","message":"Request body, undefined","service":"Post-service","timestamp":"2026-01-05T12:18:50.226Z"}
{"level":"info","message":"searchPost endpoint hit...","service":"Post-service","timestamp":"2026-01-05T12:18:50.230Z"}
{"level":"info","message":"Search server is running at post 3004","service":"Post-service","timestamp":"2026-01-05T12:19:33.797Z"}
{"level":"info","message":"connected to mongoDb","service":"Post-service","timestamp":"2026-01-05T12:19:33.881Z"}
{"level":"info","message":"connected to rabbitMq","service":"Post-service","timestamp":"2026-01-05T12:19:33.895Z"}
{"level":"info","message":"subscribed to event : post.created","service":"Post-service","timestamp":"2026-01-05T12:19:33.957Z"}
{"level":"info","message":"subscribed to event : post.deleted","service":"Post-service","timestamp":"2026-01-05T12:19:33.963Z"}
{"level":"info","message":"search post of 695badd71dd8463123624b8a created : 695badd7333ef0af233a115a ","service":"Post-service","timestamp":"2026-01-05T12:25:59.615Z"}
{"level":"info","message":"Received GET method to url /api/search/post?query=hello","service":"Post-service","timestamp":"2026-01-05T12:27:45.623Z"}
{"level":"info","message":"Request body, [object Object]","service":"Post-service","timestamp":"2026-01-05T12:27:45.625Z"}
{"level":"info","message":"searchPost endpoint hit...","service":"Post-service","timestamp":"2026-01-05T12:27:45.627Z"}
{"level":"info","message":"Received GET method to url /api/search/post?query=happy","service":"Post-service","timestamp":"2026-01-05T12:27:55.777Z"}
{"level":"info","message":"Request body, [object Object]","service":"Post-service","timestamp":"2026-01-05T12:27:55.779Z"}
{"level":"info","message":"searchPost endpoint hit...","service":"Post-service","timestamp":"2026-01-05T12:27:55.781Z"}
{"level":"info","message":"Received GET method to url /api/search/post?query=lern","service":"Post-service","timestamp":"2026-01-05T12:28:04.089Z"}
{"level":"info","message":"Request body, [object Object]","service":"Post-service","timestamp":"2026-01-05T12:28:04.090Z"}
{"level":"info","message":"searchPost endpoint hit...","service":"Post-service","timestamp":"2026-01-05T12:28:04.092Z"}
{"level":"info","message":"Received GET method to url /api/search/post?query=learn","service":"Post-service","timestamp":"2026-01-05T12:28:08.781Z"}
{"level":"info","message":"Request body, [object Object]","service":"Post-service","timestamp":"2026-01-05T12:28:08.782Z"}
{"level":"info","message":"searchPost endpoint hit...","service":"Post-service","timestamp":"2026-01-05T12:28:08.783Z"}
{"level":"info","message":"Received GET method to url /api/search/post?query=guys","service":"Post-service","timestamp":"2026-01-05T12:28:17.664Z"}
{"level":"info","message":"Request body, [object Object]","service":"Post-service","timestamp":"2026-01-05T12:28:17.665Z"}
{"level":"info","message":"searchPost endpoint hit...","service":"Post-service","timestamp":"2026-01-05T12:28:17.666Z"}
{"level":"info","message":"Search server is running at post 3004","service":"Post-service","timestamp":"2026-01-06T18:58:55.150Z"}
{"level":"info","message":"connected to mongoDb","service":"Post-service","timestamp":"2026-01-06T18:58:55.212Z"}
{"level":"info","message":"connected to rabbitMq","service":"Post-service","timestamp":"2026-01-06T18:58:55.300Z"}
{"level":"info","message":"subscribed to event : post.created","service":"Post-service","timestamp":"2026-01-06T18:58:55.510Z"}
{"level":"info","message":"subscribed to event : post.deleted","service":"Post-service","timestamp":"2026-01-06T18:58:55.517Z"}
